
/home/runner/work/exp-ferrous-content-iitr/exp-ferrous-content-iitr/experiment/simulation/js/3and4KMno4.js
    3:13   warning  'image2' is defined but never used                        no-unused-vars
   13:40   warning  'img3yimg3w' is defined but never used                    no-unused-vars
   19:5    warning  'animationInProgress' is assigned a value but never used  no-unused-vars
   24:5    warning  'gif' is defined but never used                           no-unused-vars
   25:5    warning  'blinking' is assigned a value but never used             no-unused-vars
   52:7    warning  'noStroke' is not defined                                 no-undef
   53:7    warning  'fill' is not defined                                     no-undef
   54:7    warning  'ellipse' is not defined                                  no-undef
   68:5    warning  'noStroke' is not defined                                 no-undef
   71:21   warning  'color' is not defined                                    no-undef
   74:23   warning  'color' is not defined                                    no-undef
   75:26   warning  'color' is not defined                                    no-undef
   82:27   warning  'color' is not defined                                    no-undef
   83:64   warning  'color' is not defined                                    no-undef
   86:27   warning  'color' is not defined                                    no-undef
   87:61   warning  'color' is not defined                                    no-undef
   94:10   warning  'preload' is defined but never used                       no-unused-vars
   96:12   warning  'loadImage' is not defined                                no-undef
   97:9    warning  'loadImage' is not defined                                no-undef
   98:11   warning  'loadImage' is not defined                                no-undef
   99:3    warning  'image3' is not defined                                   no-undef
   99:12   warning  'loadImage' is not defined                                no-undef
  100:3    warning  'frontflask' is not defined                               no-undef
  100:16   warning  'loadImage' is not defined                                no-undef
  101:3    warning  'liquid' is not defined                                   no-undef
  101:12   warning  'loadImage' is not defined                                no-undef
  103:3    warning  'nextimg' is not defined                                  no-undef
  103:13   warning  'loadImage' is not defined                                no-undef
  104:3    warning  'gif1' is not defined                                     no-undef
  104:10   warning  'createImg' is not defined                                no-undef
  105:3    warning  'gif2' is not defined                                     no-undef
  105:10   warning  'createImg' is not defined                                no-undef
  106:3    warning  'gif3' is not defined                                     no-undef
  106:10   warning  'createImg' is not defined                                no-undef
  107:3    warning  'gif4' is not defined                                     no-undef
  107:10   warning  'createImg' is not defined                                no-undef
  109:3    warning  'gif1' is not defined                                     no-undef
  110:3    warning  'gif2' is not defined                                     no-undef
  111:3    warning  'gif3' is not defined                                     no-undef
  112:3    warning  'gif4' is not defined                                     no-undef
  115:3    warning  'gif1' is not defined                                     no-undef
  116:3    warning  'gif2' is not defined                                     no-undef
  117:3    warning  'gif3' is not defined                                     no-undef
  118:3    warning  'gif4' is not defined                                     no-undef
  121:10   warning  'setup' is defined but never used                         no-unused-vars
  122:25   warning  'width' is not defined                                    no-undef
  122:34   warning  'width' is not defined                                    no-undef
  123:11   warning  'createCanvas' is not defined                             no-undef
  125:3    warning  'gif1' is not defined                                     no-undef
  126:3    warning  'gif2' is not defined                                     no-undef
  127:3    warning  'gif3' is not defined                                     no-undef
  128:3    warning  'gif4' is not defined                                     no-undef
  131:16   warning  'img3y' is not defined                                    no-undef
  131:29   warning  'img3w' is not defined                                    no-undef
  138:3    warning  'gif1' is not defined                                     no-undef
  149:16   warning  'createVector' is not defined                             no-undef
  157:18   warning  'createVector' is not defined                             no-undef
  157:38   warning  'img3y' is not defined                                    no-undef
  168:10   warning  'draw' is defined but never used                          no-unused-vars
  172:6    warning  'gif1' is not defined                                     no-undef
  173:3    warning  'gif2' is not defined                                     no-undef
  174:3    warning  'gif3' is not defined                                     no-undef
  175:3    warning  'gif4' is not defined                                     no-undef
  177:3    warning  'background' is not defined                               no-undef
  185:3    warning  'push' is not defined                                     no-undef
  187:5    warning  'tint' is not defined                                     no-undef
  189:3    warning  'image' is not defined                                    no-undef
  189:9    warning  'liquid' is not defined                                   no-undef
  190:3    warning  'pop' is not defined                                      no-undef
  191:3    warning  'image' is not defined                                    no-undef
  191:9    warning  'frontflask' is not defined                               no-undef
  196:7    warning  'millis' is not defined                                   no-undef
  198:5    warning  'image' is not defined                                    no-undef
  198:11   warning  'nextimg' is not defined                                  no-undef
  208:5    warning  'noStroke' is not defined                                 no-undef
  209:5    warning  'rect' is not defined                                     no-undef
  210:5    warning  'fill' is not defined                                     no-undef
  237:5    warning  'image' is not defined                                    no-undef
  237:11   warning  'image3' is not defined                                   no-undef
  237:55   warning  'img3w' is not defined                                    no-undef
  258:5    warning  'image' is not defined                                    no-undef
  258:11   warning  'image3' is not defined                                   no-undef
  258:55   warning  'img3w' is not defined                                    no-undef
  265:7    warning  'img3y' is not defined                                    no-undef
  269:7    warning  'gif3' is not defined                                     no-undef
  286:5    warning  'image' is not defined                                    no-undef
  286:11   warning  'image3' is not defined                                   no-undef
  286:55   warning  'img3w' is not defined                                    no-undef
  308:5    warning  'image' is not defined                                    no-undef
  308:11   warning  'image3' is not defined                                   no-undef
  308:55   warning  'img3w' is not defined                                    no-undef
  318:7    warning  'img3y' is not defined                                    no-undef
  322:7    warning  'gif4' is not defined                                     no-undef
  329:7    warning  'image' is not defined                                    no-undef
  329:13   warning  'image3' is not defined                                   no-undef
  329:53   warning  'img3w' is not defined                                    no-undef
  333:7    warning  'image' is not defined                                    no-undef
  333:13   warning  'image3' is not defined                                   no-undef
  333:51   warning  'img3w' is not defined                                    no-undef
  340:3    warning  'image' is not defined                                    no-undef
  352:5    warning  'image' is not defined                                    no-undef
  373:5    warning  'image' is not defined                                    no-undef
  383:7    warning  'gif2' is not defined                                     no-undef
  390:5    warning  'image' is not defined                                    no-undef
  400:10   warning  'mousePressed' is defined but never used                  no-unused-vars
  402:7    warning  'mouseX' is not defined                                   no-undef
  402:37   warning  'mouseX' is not defined                                   no-undef
  402:63   warning  'mouseY' is not defined                                   no-undef
  402:93   warning  'mouseY' is not defined                                   no-undef
  408:7    warning  'mouseX' is not defined                                   no-undef
  408:24   warning  'img3w' is not defined                                    no-undef
  408:37   warning  'mouseX' is not defined                                   no-undef
  408:54   warning  'img3w' is not defined                                    no-undef
  408:63   warning  'mouseY' is not defined                                   no-undef
  408:72   warning  'img3y' is not defined                                    no-undef
  408:93   warning  'mouseY' is not defined                                   no-undef
  408:102  warning  'img3y' is not defined                                    no-undef
  413:7    warning  'mouseX' is not defined                                   no-undef
  413:35   warning  'mouseX' is not defined                                   no-undef
  413:59   warning  'mouseY' is not defined                                   no-undef
  413:87   warning  'mouseY' is not defined                                   no-undef
  419:3    warning  'gif1' is not defined                                     no-undef
  423:16   warning  'createVector' is not defined                             no-undef
  424:17   warning  'createVector' is not defined                             no-undef
  432:3    warning  'gif2' is not defined                                     no-undef
  437:18   warning  'createVector' is not defined                             no-undef
  438:19   warning  'createVector' is not defined                             no-undef
  444:5    warning  'gif3' is not defined                                     no-undef
  450:19   warning  'createVector' is not defined                             no-undef
  451:20   warning  'createVector' is not defined                             no-undef
  456:5    warning  'gif4' is not defined                                     no-undef
  485:17   warning  'map' is not defined                                      no-undef
  486:13   warning  'lerpColor' is not defined                                no-undef
  487:5    warning  'fill' is not defined                                     no-undef
  488:5    warning  'ellipse' is not defined                                  no-undef

/home/runner/work/exp-ferrous-content-iitr/exp-ferrous-content-iitr/experiment/simulation/js/3and4KMno42.js
    3:13   warning  'image2' is defined but never used                        no-unused-vars
   13:40   warning  'img3yimg3w' is defined but never used                    no-unused-vars
   19:5    warning  'animationInProgress' is assigned a value but never used  no-unused-vars
   24:5    warning  'gif' is defined but never used                           no-unused-vars
   25:5    warning  'blinking' is assigned a value but never used             no-unused-vars
   51:7    warning  'noStroke' is not defined                                 no-undef
   52:7    warning  'fill' is not defined                                     no-undef
   53:7    warning  'ellipse' is not defined                                  no-undef
   58:10   warning  'preload' is defined but never used                       no-unused-vars
   60:12   warning  'loadImage' is not defined                                no-undef
   61:3    warning  'img' is not defined                                      no-undef
   61:9    warning  'loadImage' is not defined                                no-undef
   62:11   warning  'loadImage' is not defined                                no-undef
   63:3    warning  'image3' is not defined                                   no-undef
   63:12   warning  'loadImage' is not defined                                no-undef
   64:3    warning  'frontflask' is not defined                               no-undef
   64:16   warning  'loadImage' is not defined                                no-undef
   65:3    warning  'liquid' is not defined                                   no-undef
   65:12   warning  'loadImage' is not defined                                no-undef
   66:3    warning  'nextimg' is not defined                                  no-undef
   66:13   warning  'loadImage' is not defined                                no-undef
   67:3    warning  'gif1' is not defined                                     no-undef
   67:10   warning  'createImg' is not defined                                no-undef
   68:3    warning  'gif2' is not defined                                     no-undef
   68:10   warning  'createImg' is not defined                                no-undef
   69:3    warning  'gif3' is not defined                                     no-undef
   69:10   warning  'createImg' is not defined                                no-undef
   70:3    warning  'gif4' is not defined                                     no-undef
   70:10   warning  'createImg' is not defined                                no-undef
   72:3    warning  'gif1' is not defined                                     no-undef
   73:3    warning  'gif2' is not defined                                     no-undef
   74:3    warning  'gif3' is not defined                                     no-undef
   75:3    warning  'gif4' is not defined                                     no-undef
   78:3    warning  'gif1' is not defined                                     no-undef
   79:3    warning  'gif2' is not defined                                     no-undef
   80:3    warning  'gif3' is not defined                                     no-undef
   81:3    warning  'gif4' is not defined                                     no-undef
   84:10   warning  'setup' is defined but never used                         no-unused-vars
   86:11   warning  'createCanvas' is not defined                             no-undef
   88:3    warning  'gif1' is not defined                                     no-undef
   89:3    warning  'gif2' is not defined                                     no-undef
   90:3    warning  'gif3' is not defined                                     no-undef
   91:3    warning  'gif4' is not defined                                     no-undef
   94:16   warning  'img3y' is not defined                                    no-undef
   94:29   warning  'img3w' is not defined                                    no-undef
  101:3    warning  'gif1' is not defined                                     no-undef
  112:16   warning  'createVector' is not defined                             no-undef
  120:18   warning  'createVector' is not defined                             no-undef
  120:38   warning  'img3y' is not defined                                    no-undef
  129:10   warning  'draw' is defined but never used                          no-unused-vars
  132:6    warning  'gif1' is not defined                                     no-undef
  133:3    warning  'gif2' is not defined                                     no-undef
  134:3    warning  'gif3' is not defined                                     no-undef
  135:3    warning  'gif4' is not defined                                     no-undef
  137:3    warning  'background' is not defined                               no-undef
  145:3    warning  'push' is not defined                                     no-undef
  147:5    warning  'tint' is not defined                                     no-undef
  149:3    warning  'image' is not defined                                    no-undef
  149:9    warning  'liquid' is not defined                                   no-undef
  150:3    warning  'pop' is not defined                                      no-undef
  151:3    warning  'image' is not defined                                    no-undef
  151:9    warning  'frontflask' is not defined                               no-undef
  156:7    warning  'millis' is not defined                                   no-undef
  158:5    warning  'image' is not defined                                    no-undef
  158:11   warning  'nextimg' is not defined                                  no-undef
  168:5    warning  'noStroke' is not defined                                 no-undef
  169:5    warning  'rect' is not defined                                     no-undef
  170:5    warning  'fill' is not defined                                     no-undef
  197:5    warning  'image' is not defined                                    no-undef
  197:11   warning  'image3' is not defined                                   no-undef
  197:55   warning  'img3w' is not defined                                    no-undef
  218:5    warning  'image' is not defined                                    no-undef
  218:11   warning  'image3' is not defined                                   no-undef
  218:55   warning  'img3w' is not defined                                    no-undef
  225:7    warning  'img3y' is not defined                                    no-undef
  229:7    warning  'gif3' is not defined                                     no-undef
  246:5    warning  'image' is not defined                                    no-undef
  246:11   warning  'image3' is not defined                                   no-undef
  246:55   warning  'img3w' is not defined                                    no-undef
  268:5    warning  'image' is not defined                                    no-undef
  268:11   warning  'image3' is not defined                                   no-undef
  268:55   warning  'img3w' is not defined                                    no-undef
  278:7    warning  'img3y' is not defined                                    no-undef
  282:7    warning  'gif4' is not defined                                     no-undef
  289:7    warning  'image' is not defined                                    no-undef
  289:13   warning  'image3' is not defined                                   no-undef
  289:53   warning  'img3w' is not defined                                    no-undef
  293:7    warning  'image' is not defined                                    no-undef
  293:13   warning  'image3' is not defined                                   no-undef
  293:51   warning  'img3w' is not defined                                    no-undef
  300:3    warning  'image' is not defined                                    no-undef
  312:5    warning  'image' is not defined                                    no-undef
  312:11   warning  'img' is not defined                                      no-undef
  333:5    warning  'image' is not defined                                    no-undef
  333:11   warning  'img' is not defined                                      no-undef
  343:7    warning  'gif2' is not defined                                     no-undef
  350:5    warning  'image' is not defined                                    no-undef
  350:11   warning  'img' is not defined                                      no-undef
  360:10   warning  'mousePressed' is defined but never used                  no-unused-vars
  362:7    warning  'mouseX' is not defined                                   no-undef
  362:37   warning  'mouseX' is not defined                                   no-undef
  362:63   warning  'mouseY' is not defined                                   no-undef
  362:93   warning  'mouseY' is not defined                                   no-undef
  368:7    warning  'mouseX' is not defined                                   no-undef
  368:24   warning  'img3w' is not defined                                    no-undef
  368:37   warning  'mouseX' is not defined                                   no-undef
  368:54   warning  'img3w' is not defined                                    no-undef
  368:63   warning  'mouseY' is not defined                                   no-undef
  368:72   warning  'img3y' is not defined                                    no-undef
  368:93   warning  'mouseY' is not defined                                   no-undef
  368:102  warning  'img3y' is not defined                                    no-undef
  373:7    warning  'mouseX' is not defined                                   no-undef
  373:35   warning  'mouseX' is not defined                                   no-undef
  373:59   warning  'mouseY' is not defined                                   no-undef
  373:87   warning  'mouseY' is not defined                                   no-undef
  379:3    warning  'gif1' is not defined                                     no-undef
  383:16   warning  'createVector' is not defined                             no-undef
  384:17   warning  'createVector' is not defined                             no-undef
  392:3    warning  'gif2' is not defined                                     no-undef
  397:18   warning  'createVector' is not defined                             no-undef
  398:19   warning  'createVector' is not defined                             no-undef
  404:5    warning  'gif3' is not defined                                     no-undef
  410:19   warning  'createVector' is not defined                             no-undef
  411:20   warning  'createVector' is not defined                             no-undef
  416:5    warning  'gif4' is not defined                                     no-undef

/home/runner/work/exp-ferrous-content-iitr/exp-ferrous-content-iitr/experiment/simulation/js/ExTitration.js
    3:13   warning  'image2' is defined but never used                        no-unused-vars
    8:5    warning  'runOnce_2' is assigned a value but never used            no-unused-vars
   14:27   warning  'rotatePoint' is defined but never used                   no-unused-vars
   21:5    warning  'startPoint_3' is defined but never used                  no-unused-vars
   21:19   warning  'endPoint_3' is defined but never used                    no-unused-vars
   21:31   warning  'endPoint2_3' is defined but never used                   no-unused-vars
   21:44   warning  'endPoint_3_' is defined but never used                   no-unused-vars
   21:57   warning  'endPoint2_3_' is defined but never used                  no-unused-vars
   22:5    warning  'currentPoint_3' is defined but never used                no-unused-vars
   28:5    warning  'animationInProgress' is assigned a value but never used  no-unused-vars
   29:5    warning  'showrect' is assigned a value but never used             no-unused-vars
   30:15   warning  'dropAdded' is assigned a value but never used            no-unused-vars
   35:5    warning  'droperDrop' is defined but never used                    no-unused-vars
   39:5    warning  'gif' is defined but never used                           no-unused-vars
   40:5    warning  'blinking' is assigned a value but never used             no-unused-vars
   49:5    warning  'drop_used' is assigned a value but never used            no-unused-vars
   56:23   warning  'dragging2' is assigned a value but never used            no-unused-vars
   89:7    warning  'noStroke' is not defined                                 no-undef
   90:7    warning  'push' is not defined                                     no-undef
   91:7    warning  'fill' is not defined                                     no-undef
   92:7    warning  'ellipse' is not defined                                  no-undef
   92:70   warning  'pop' is not defined                                      no-undef
  104:7    warning  'noStroke' is not defined                                 no-undef
  110:23   warning  'color' is not defined                                    no-undef
  115:25   warning  'color' is not defined                                    no-undef
  117:28   warning  'color' is not defined                                    no-undef
  123:29   warning  'color' is not defined                                    no-undef
  128:63   warning  'color' is not defined                                    no-undef
  163:7    warning  'noStroke' is not defined                                 no-undef
  164:7    warning  'push' is not defined                                     no-undef
  165:7    warning  'fill' is not defined                                     no-undef
  166:7    warning  'ellipse' is not defined                                  no-undef
  167:7    warning  'pop' is not defined                                      no-undef
  174:17   warning  'map' is not defined                                      no-undef
  175:13   warning  'lerpColor' is not defined                                no-undef
  176:5    warning  'push' is not defined                                     no-undef
  177:5    warning  'fill' is not defined                                     no-undef
  178:5    warning  'ellipse' is not defined                                  no-undef
  178:30   warning  'pop' is not defined                                      no-undef
  183:10   warning  'preload' is defined but never used                       no-unused-vars
  185:12   warning  'loadImage' is not defined                                no-undef
  186:3    warning  'image1bck' is not defined                                no-undef
  186:15   warning  'loadImage' is not defined                                no-undef
  187:9    warning  'loadImage' is not defined                                no-undef
  188:11   warning  'loadImage' is not defined                                no-undef
  189:3    warning  'image3' is not defined                                   no-undef
  189:12   warning  'loadImage' is not defined                                no-undef
  190:3    warning  'frontflask' is not defined                               no-undef
  190:16   warning  'loadImage' is not defined                                no-undef
  191:3    warning  'bckflask' is not defined                                 no-undef
  191:14   warning  'loadImage' is not defined                                no-undef
  192:13   warning  'loadImage' is not defined                                no-undef
  193:3    warning  'nextimg' is not defined                                  no-undef
  193:13   warning  'loadImage' is not defined                                no-undef
  194:11   warning  'loadImage' is not defined                                no-undef
  195:3    warning  'dish' is not defined                                     no-undef
  195:10   warning  'loadImage' is not defined                                no-undef
  196:3    warning  'cloth' is not defined                                    no-undef
  196:10   warning  'loadImage' is not defined                                no-undef
  198:3    warning  'gif1' is not defined                                     no-undef
  198:10   warning  'createImg' is not defined                                no-undef
  199:3    warning  'gif2' is not defined                                     no-undef
  199:10   warning  'createImg' is not defined                                no-undef
  200:3    warning  'gif3' is not defined                                     no-undef
  200:10   warning  'createImg' is not defined                                no-undef
  201:3    warning  'gif4' is not defined                                     no-undef
  201:10   warning  'createImg' is not defined                                no-undef
  203:3    warning  'gif1' is not defined                                     no-undef
  204:3    warning  'gif2' is not defined                                     no-undef
  205:3    warning  'gif3' is not defined                                     no-undef
  206:3    warning  'gif4' is not defined                                     no-undef
  209:3    warning  'gif1' is not defined                                     no-undef
  210:3    warning  'gif2' is not defined                                     no-undef
  211:3    warning  'gif3' is not defined                                     no-undef
  212:3    warning  'gif4' is not defined                                     no-undef
  214:10   warning  'setup' is defined but never used                         no-unused-vars
  216:3    warning  'canvos' is not defined                                   no-undef
  216:12   warning  'createCanvas' is not defined                             no-undef
  217:3    warning  'canvos' is not defined                                   no-undef
  218:3    warning  'gif1' is not defined                                     no-undef
  219:3    warning  'gif2' is not defined                                     no-undef
  220:3    warning  'gif3' is not defined                                     no-undef
  221:3    warning  'gif4' is not defined                                     no-undef
  224:14   warning  'color' is not defined                                    no-undef
  226:3    warning  'img2x' is not defined                                    no-undef
  226:16   warning  'img2y' is not defined                                    no-undef
  226:29   warning  'img2w' is not defined                                    no-undef
  226:42   warning  'img2h' is not defined                                    no-undef
  227:3    warning  'img3x' is not defined                                    no-undef
  227:16   warning  'img3y' is not defined                                    no-undef
  227:29   warning  'img3w' is not defined                                    no-undef
  227:41   warning  'img3h' is not defined                                    no-undef
  229:3    warning  'nxtx' is not defined                                     no-undef
  229:15   warning  'nxty' is not defined                                     no-undef
  229:27   warning  'nxtw' is not defined                                     no-undef
  229:38   warning  'nxth' is not defined                                     no-undef
  230:49   warning  'img3x' is not defined                                    no-undef
  230:70   warning  'img3y' is not defined                                    no-undef
  233:12   warning  'color' is not defined                                    no-undef
  234:12   warning  'color' is not defined                                    no-undef
  235:12   warning  'color' is not defined                                    no-undef
  236:12   warning  'color' is not defined                                    no-undef
  237:12   warning  'color' is not defined                                    no-undef
  239:3    warning  'slider1' is not defined                                  no-undef
  239:13   warning  'select' is not defined                                   no-undef
  242:3    warning  'slider1' is not defined                                  no-undef
  245:3    warning  'angleMode' is not defined                                no-undef
  245:13   warning  'DEGREES' is not defined                                  no-undef
  249:16   warning  'createVector' is not defined                             no-undef
  250:14   warning  'createVector' is not defined                             no-undef
  251:3    warning  'endPoint2' is not defined                                no-undef
  251:15   warning  'createVector' is not defined                             no-undef
  252:3    warning  'endPoint3' is not defined                                no-undef
  252:15   warning  'createVector' is not defined                             no-undef
  254:3    warning  'endPoint4' is not defined                                no-undef
  254:15   warning  'createVector' is not defined                             no-undef
  260:3    warning  'startPoint_2' is not defined                             no-undef
  260:18   warning  'createVector' is not defined                             no-undef
  261:3    warning  'endPoint_2' is not defined                               no-undef
  261:16   warning  'createVector' is not defined                             no-undef
  262:3    warning  'endPoint2_2' is not defined                              no-undef
  262:17   warning  'createVector' is not defined                             no-undef
  263:3    warning  'endPoint3_2' is not defined                              no-undef
  263:17   warning  'createVector' is not defined                             no-undef
  264:3    warning  'endPoint4_2' is not defined                              no-undef
  264:17   warning  'createVector' is not defined                             no-undef
  266:3    warning  'currentPoint_2' is not defined                           no-undef
  266:20   warning  'startPoint_2' is not defined                             no-undef
  268:14   warning  'slider1' is not defined                                  no-undef
  271:6    warning  'random' is not defined                                   no-undef
  278:10   warning  'draw' is defined but never used                          no-unused-vars
  279:3    warning  'background' is not defined                               no-undef
  281:15   warning  'slider1' is not defined                                  no-undef
  321:3    warning  'noStroke' is not defined                                 no-undef
  322:3    warning  'rect' is not defined                                     no-undef
  322:8    warning  'img3x' is not defined                                    no-undef
  322:20   warning  'img3y' is not defined                                    no-undef
  323:3    warning  'fill' is not defined                                     no-undef
  351:3    warning  'image' is not defined                                    no-undef
  351:9    warning  'bckflask' is not defined                                 no-undef
  353:5    warning  'c' is not defined                                        no-undef
  354:5    warning  'image' is not defined                                    no-undef
  354:11   warning  'c' is not defined                                        no-undef
  357:5    warning  'image' is not defined                                    no-undef
  365:3    warning  'image' is not defined                                    no-undef
  368:3    warning  'image' is not defined                                    no-undef
  368:9    warning  'frontflask' is not defined                               no-undef
  370:3    warning  'push' is not defined                                     no-undef
  371:3    warning  'scale' is not defined                                    no-undef
  372:3    warning  'image' is not defined                                    no-undef
  372:9    warning  'dish' is not defined                                     no-undef
  373:3    warning  'pop' is not defined                                      no-undef
  383:5    warning  'image' is not defined                                    no-undef
  392:17   warning  'endPoint2' is not defined                                no-undef
  400:5    warning  'image' is not defined                                    no-undef
  406:16   warning  'color' is not defined                                    no-undef
  407:16   warning  'color' is not defined                                    no-undef
  408:16   warning  'color' is not defined                                    no-undef
  409:16   warning  'color' is not defined                                    no-undef
  410:16   warning  'color' is not defined                                    no-undef
  413:18   warning  'color' is not defined                                    no-undef
  414:18   warning  'color' is not defined                                    no-undef
  415:18   warning  'color' is not defined                                    no-undef
  416:18   warning  'color' is not defined                                    no-undef
  417:18   warning  'color' is not defined                                    no-undef
  425:18   warning  'color' is not defined                                    no-undef
  432:17   warning  'endPoint3' is not defined                                no-undef
  442:17   warning  'endPoint4' is not defined                                no-undef
  445:3    warning  'image' is not defined                                    no-undef
  448:5    warning  'image' is not defined                                    no-undef
  452:3    warning  'image' is not defined                                    no-undef
  452:9    warning  'frontflask' is not defined                               no-undef
  456:3    warning  'image' is not defined                                    no-undef
  456:9    warning  'image1bck' is not defined                                no-undef
  462:5    warning  'noStroke' is not defined                                 no-undef
  463:5    warning  'push' is not defined                                     no-undef
  464:5    warning  'fill' is not defined                                     no-undef
  465:5    warning  'rect' is not defined                                     no-undef
  465:10   warning  'currentPoint_2' is not defined                           no-undef
  465:33   warning  'currentPoint_2' is not defined                           no-undef
  466:9    warning  'pop' is not defined                                      no-undef
  480:5    warning  'image' is not defined                                    no-undef
  480:11   warning  'image3' is not defined                                   no-undef
  480:19   warning  'currentPoint_2' is not defined                           no-undef
  480:37   warning  'currentPoint_2' is not defined                           no-undef
  484:19   warning  'endPoint_2' is not defined                               no-undef
  487:19   warning  'endPoint2_2' is not defined                              no-undef
  493:28   warning  'currentPoint_2' is not defined                           no-undef
  493:51   warning  'currentPoint_2' is not defined                           no-undef
  497:14   warning  'color' is not defined                                    no-undef
  498:14   warning  'color' is not defined                                    no-undef
  499:14   warning  'color' is not defined                                    no-undef
  500:14   warning  'color' is not defined                                    no-undef
  501:14   warning  'color' is not defined                                    no-undef
  506:19   warning  'endPoint3_2' is not defined                              no-undef
  509:19   warning  'endPoint4_2' is not defined                              no-undef
  512:3    warning  'image' is not defined                                    no-undef
  512:9    warning  'image3' is not defined                                   no-undef
  512:17   warning  'startPoint_2' is not defined                             no-undef
  512:33   warning  'startPoint_2' is not defined                             no-undef
  515:5    warning  'image' is not defined                                    no-undef
  515:11   warning  'image3' is not defined                                   no-undef
  515:19   warning  'currentPoint_2' is not defined                           no-undef
  515:37   warning  'currentPoint_2' is not defined                           no-undef
  522:3    warning  'image' is not defined                                    no-undef
  525:3    warning  'image' is not defined                                    no-undef
  525:9    warning  'cloth' is not defined                                    no-undef
  529:5    warning  'push' is not defined                                     no-undef
  530:5    warning  'fill' is not defined                                     no-undef
  531:5    warning  'ellipse' is not defined                                  no-undef
  532:5    warning  'ellipse' is not defined                                  no-undef
  533:5    warning  'pop' is not defined                                      no-undef
  557:9    warning  'millis' is not defined                                   no-undef
  559:7    warning  'image' is not defined                                    no-undef
  559:13   warning  'nextimg' is not defined                                  no-undef
  559:22   warning  'nxtx' is not defined                                     no-undef
  559:28   warning  'nxty' is not defined                                     no-undef
  559:34   warning  'nxtw' is not defined                                     no-undef
  559:40   warning  'nxth' is not defined                                     no-undef
  563:7    warning  'mouseX' is not defined                                   no-undef
  563:53   warning  'mouseX' is not defined                                   no-undef
  563:99   warning  'mouseY' is not defined                                   no-undef
  563:137  warning  'mouseY' is not defined                                   no-undef
  564:5    warning  'cursor' is not defined                                   no-undef
  566:13   warning  'mouseX' is not defined                                   no-undef
  566:50   warning  'mouseX' is not defined                                   no-undef
  566:87   warning  'mouseY' is not defined                                   no-undef
  566:124  warning  'mouseY' is not defined                                   no-undef
  567:5    warning  'cursor' is not defined                                   no-undef
  570:13   warning  'mouseX' is not defined                                   no-undef
  570:22   warning  'currentPoint_2' is not defined                           no-undef
  570:52   warning  'mouseX' is not defined                                   no-undef
  570:61   warning  'currentPoint_2' is not defined                           no-undef
  570:91   warning  'mouseY' is not defined                                   no-undef
  570:100  warning  'currentPoint_2' is not defined                           no-undef
  570:130  warning  'mouseY' is not defined                                   no-undef
  570:139  warning  'currentPoint_2' is not defined                           no-undef
  571:5    warning  'cursor' is not defined                                   no-undef
  573:13   warning  'mouseX' is not defined                                   no-undef
  573:39   warning  'mouseX' is not defined                                   no-undef
  573:65   warning  'mouseY' is not defined                                   no-undef
  573:91   warning  'mouseY' is not defined                                   no-undef
  574:5    warning  'cursor' is not defined                                   no-undef
  578:5    warning  'cursor' is not defined                                   no-undef
  584:10   warning  'mousePressed' is defined but never used                  no-unused-vars
  587:9    warning  'mouseX' is not defined                                   no-undef
  587:27   warning  'mouseX' is not defined                                   no-undef
  588:7    warning  'mouseY' is not defined                                   no-undef
  588:25   warning  'mouseY' is not defined                                   no-undef
  589:7    warning  'cursor' is not defined                                   no-undef
  596:7    warning  'mouseX' is not defined                                   no-undef
  596:53   warning  'mouseX' is not defined                                   no-undef
  596:99   warning  'mouseY' is not defined                                   no-undef
  596:137  warning  'mouseY' is not defined                                   no-undef
  599:12   warning  'mouseX' is not defined                                   no-undef
  599:49   warning  'mouseX' is not defined                                   no-undef
  599:86   warning  'mouseY' is not defined                                   no-undef
  599:123  warning  'mouseY' is not defined                                   no-undef
  603:12   warning  'mouseX' is not defined                                   no-undef
  603:49   warning  'mouseX' is not defined                                   no-undef
  603:86   warning  'mouseY' is not defined                                   no-undef
  603:123  warning  'mouseY' is not defined                                   no-undef
  606:13   warning  'mouseX' is not defined                                   no-undef
  606:22   warning  'currentPoint_2' is not defined                           no-undef
  606:52   warning  'mouseX' is not defined                                   no-undef
  606:61   warning  'currentPoint_2' is not defined                           no-undef
  606:91   warning  'mouseY' is not defined                                   no-undef
  606:100  warning  'currentPoint_2' is not defined                           no-undef
  606:130  warning  'mouseY' is not defined                                   no-undef
  606:139  warning  'currentPoint_2' is not defined                           no-undef
  612:7    warning  'mouseX' is not defined                                   no-undef
  612:16   warning  'nxtx' is not defined                                     no-undef
  612:23   warning  'nxtw' is not defined                                     no-undef
  612:35   warning  'mouseX' is not defined                                   no-undef
  612:44   warning  'nxtx' is not defined                                     no-undef
  612:51   warning  'nxtw' is not defined                                     no-undef
  612:59   warning  'mouseY' is not defined                                   no-undef
  612:68   warning  'nxty' is not defined                                     no-undef
  612:75   warning  'nxth' is not defined                                     no-undef
  612:87   warning  'mouseY' is not defined                                   no-undef
  612:96   warning  'nxty' is not defined                                     no-undef
  612:103  warning  'nxth' is not defined                                     no-undef
  629:10   warning  'mouseDragged' is defined but never used                  no-unused-vars
  632:12   warning  'mouseX' is not defined                                   no-undef
  633:12   warning  'mouseY' is not defined                                   no-undef
  639:11   warning  'mouseReleased' is defined but never used                 no-unused-vars
  642:14   warning  'color' is not defined                                    no-undef
  643:14   warning  'color' is not defined                                    no-undef
  644:14   warning  'color' is not defined                                    no-undef
  645:14   warning  'color' is not defined                                    no-undef
  646:14   warning  'color' is not defined                                    no-undef
  651:14   warning  'color' is not defined                                    no-undef
  652:14   warning  'color' is not defined                                    no-undef
  653:14   warning  'color' is not defined                                    no-undef
  654:14   warning  'color' is not defined                                    no-undef
  655:14   warning  'color' is not defined                                    no-undef
  660:3    warning  'cursor' is not defined                                   no-undef
  674:3    warning  'image' is not defined                                    no-undef
  692:34   warning  'currentPoint_2' is not defined                           no-undef
  693:34   warning  'currentPoint_2' is not defined                           no-undef
  695:3    warning  'currentPoint_2' is not defined                           no-undef
  696:3    warning  'currentPoint_2' is not defined                           no-undef
  701:3    warning  'image' is not defined                                    no-undef
  701:9    warning  'image3' is not defined                                   no-undef
  701:17   warning  'currentPoint_2' is not defined                           no-undef
  701:35   warning  'currentPoint_2' is not defined                           no-undef
  743:26   warning  'TitrationCalculator' is not defined                      no-undef

/home/runner/work/exp-ferrous-content-iitr/exp-ferrous-content-iitr/experiment/simulation/js/Test.js
   3:10  warning  'setup' is defined but never used  no-unused-vars
   4:3   warning  'createCanvas' is not defined      no-undef
   6:38  warning  'random' is not defined            no-undef
   6:45  warning  'width' is not defined             no-undef
   6:53  warning  'random' is not defined            no-undef
   6:60  warning  'height' is not defined            no-undef
  10:10  warning  'draw' is defined but never used   no-unused-vars
  11:3   warning  'background' is not defined        no-undef
  21:21  warning  'createVector' is not defined      no-undef
  22:21  warning  'createVector' is not defined      no-undef
  23:25  warning  'createVector' is not defined      no-undef
  24:17  warning  'random' is not defined            no-undef
  29:27  warning  'createVector' is not defined      no-undef
  41:50  warning  'width' is not defined             no-undef
  44:27  warning  'height' is not defined            no-undef
  45:25  warning  'height' is not defined            no-undef
  51:5   warning  'fill' is not defined              no-undef
  52:5   warning  'noStroke' is not defined          no-undef
  53:5   warning  'ellipse' is not defined           no-undef

/home/runner/work/exp-ferrous-content-iitr/exp-ferrous-content-iitr/experiment/simulation/js/calculation.js
  147:38  warning  'module' is not defined  no-undef
  148:3   warning  'module' is not defined  no-undef

 588 problems (0 errors, 588 warnings)

